<?xml version="1.0" encoding="UTF-8"?>
<!-- Generated by org.testng.reporters.JUnitXMLReporter -->
<testsuite ignored="10" hostname="LIN-67S5VQ3" failures="0" tests="12" name="Test" time="326.906" errors="0" timestamp="2025-06-19T08:45:42 IST">
  <testcase classname="com.capgemini.tests.BaseReport" name="@AfterClass driverquit" time="0.001">
    <failure type="java.lang.NullPointerException" message="Cannot invoke &amp;quot;org.openqa.selenium.WebDriver.quit()&amp;quot; because &amp;quot;this.driver&amp;quot; is null">
      <![CDATA[java.lang.NullPointerException: Cannot invoke "org.openqa.selenium.WebDriver.quit()" because "this.driver" is null
at com.capgemini.tests.BaseReport.driverquit(BaseReport.java:62)
at java.base/java.util.ArrayList.forEach(ArrayList.java:1511)
... Removed 26 stack frames]]>
    </failure>
  </testcase> <!-- @AfterClass driverquit -->
  <testcase classname="com.capgemini.tests.NB_PM_01" name="LoginIn" time="35.056"/>
  <testcase classname="com.capgemini.tests.NB_PM_01" name="packersNmovers" time="20.468"/>
  <testcase classname="com.capgemini.tests.NB_PM_02" name="LoginIn" time="33.623"/>
  <testcase classname="com.capgemini.tests.NB_PM_02" name="Between_Cities" time="9.429"/>
  <testcase classname="com.capgemini.tests.NB_PM_03" name="LoginIn" time="33.123"/>
  <testcase classname="com.capgemini.tests.NB_PM_03" name="MoversOnly" time="14.319"/>
  <testcase classname="com.capgemini.tests.NB_PM_04" name="LoginIn" time="33.194"/>
  <testcase classname="com.capgemini.tests.NB_PM_04" name="BacToHomeFromMB" time="7.657"/>
  <testcase classname="com.capgemini.tests.NB_PM_05" name="LoginIn" time="32.481"/>
  <testcase classname="com.capgemini.tests.NB_PM_05" name="BackToPackFromHS" time="6.699"/>
  <testcase classname="com.capgemini.tests.NB_PM_06" name="LoginIn" time="33.05"/>
  <testcase classname="com.capgemini.tests.NB_PM_06" name="PackNMove" time="5.385"/>
  <testcase classname="com.capgemini.tests.BaseReport" name="@AfterSuite tearDownReport" time="0.0">
    <ignored/>
  </testcase> <!-- @AfterSuite tearDownReport -->
  <testcase classname="com.capgemini.tests.BaseReport" name="@AfterSuite tearDownReport" time="0.0">
    <ignored/>
  </testcase> <!-- @AfterSuite tearDownReport -->
  <testcase classname="com.capgemini.tests.BaseReport" name="@AfterSuite tearDownReport" time="0.0">
    <ignored/>
  </testcase> <!-- @AfterSuite tearDownReport -->
  <testcase classname="com.capgemini.tests.BaseReport" name="@AfterSuite tearDownReport" time="0.0">
    <ignored/>
  </testcase> <!-- @AfterSuite tearDownReport -->
  <testcase classname="com.capgemini.tests.BaseReport" name="@BeforeSuite setUpReport" time="0.0">
    <ignored/>
  </testcase> <!-- @BeforeSuite setUpReport -->
  <testcase classname="com.capgemini.tests.BaseReport" name="@BeforeSuite setUpReport" time="0.0">
    <ignored/>
  </testcase> <!-- @BeforeSuite setUpReport -->
  <testcase classname="com.capgemini.tests.BaseReport" name="@BeforeSuite setUpReport" time="0.0">
    <ignored/>
  </testcase> <!-- @BeforeSuite setUpReport -->
  <testcase classname="com.capgemini.tests.BaseReport" name="@BeforeSuite setUpReport" time="0.0">
    <ignored/>
  </testcase> <!-- @BeforeSuite setUpReport -->
  <testcase classname="com.capgemini.tests.BaseReport" name="@BeforeSuite setUpReport" time="0.0">
    <ignored/>
  </testcase> <!-- @BeforeSuite setUpReport -->
  <testcase classname="com.capgemini.tests.BaseReport" name="@AfterSuite tearDownReport" time="0.0">
    <ignored/>
  </testcase> <!-- @AfterSuite tearDownReport -->
</testsuite> <!-- Test -->
